This is pdfTeX, Version 3.14159265-2.6-1.40.18 (TeX Live 2017/Debian) (preloaded format=pdflatex 2019.3.26)  28 JUL 2022 13:14
entering extended mode
 restricted \write18 enabled.
 %&-line parsing enabled.
**\nonstopmode\input preconSummary.tex
(./preconSummary.tex (/usr/share/texlive/texmf-dist/tex/latex/base/article.cls
Document Class: article 2014/09/29 v1.4h Standard LaTeX document class
(/usr/share/texlive/texmf-dist/tex/latex/base/size12.clo
File: size12.clo 2014/09/29 v1.4h Standard LaTeX file (size option)
)
\c@part=\count79
\c@section=\count80
\c@subsection=\count81
\c@subsubsection=\count82
\c@paragraph=\count83
\c@subparagraph=\count84
\c@figure=\count85
\c@table=\count86
\abovecaptionskip=\skip41
\belowcaptionskip=\skip42
\bibindent=\dimen102
)
(/usr/share/texlive/texmf-dist/tex/latex/amsmath/amsmath.sty
Package: amsmath 2017/09/02 v2.17a AMS math features
\@mathmargin=\skip43

For additional information on amsmath, use the `?' option.
(/usr/share/texlive/texmf-dist/tex/latex/amsmath/amstext.sty
Package: amstext 2000/06/29 v2.01 AMS text

(/usr/share/texlive/texmf-dist/tex/latex/amsmath/amsgen.sty
File: amsgen.sty 1999/11/30 v2.0 generic functions
\@emptytoks=\toks14
\ex@=\dimen103
))
(/usr/share/texlive/texmf-dist/tex/latex/amsmath/amsbsy.sty
Package: amsbsy 1999/11/29 v1.2d Bold Symbols
\pmbraise@=\dimen104
)
(/usr/share/texlive/texmf-dist/tex/latex/amsmath/amsopn.sty
Package: amsopn 2016/03/08 v2.02 operator names
)
\inf@bad=\count87
LaTeX Info: Redefining \frac on input line 213.
\uproot@=\count88
\leftroot@=\count89
LaTeX Info: Redefining \overline on input line 375.
\classnum@=\count90
\DOTSCASE@=\count91
LaTeX Info: Redefining \ldots on input line 472.
LaTeX Info: Redefining \dots on input line 475.
LaTeX Info: Redefining \cdots on input line 596.
\Mathstrutbox@=\box26
\strutbox@=\box27
\big@size=\dimen105
LaTeX Font Info:    Redeclaring font encoding OML on input line 712.
LaTeX Font Info:    Redeclaring font encoding OMS on input line 713.
\macc@depth=\count92
\c@MaxMatrixCols=\count93
\dotsspace@=\muskip10
\c@parentequation=\count94
\dspbrk@lvl=\count95
\tag@help=\toks15
\row@=\count96
\column@=\count97
\maxfields@=\count98
\andhelp@=\toks16
\eqnshift@=\dimen106
\alignsep@=\dimen107
\tagshift@=\dimen108
\tagwidth@=\dimen109
\totwidth@=\dimen110
\lineht@=\dimen111
\@envbody=\toks17
\multlinegap=\skip44
\multlinetaggap=\skip45
\mathdisplay@stack=\toks18
LaTeX Info: Redefining \[ on input line 2817.
LaTeX Info: Redefining \] on input line 2818.
)
(/usr/share/texlive/texmf-dist/tex/latex/amsfonts/amssymb.sty
Package: amssymb 2013/01/14 v3.01 AMS font symbols

(/usr/share/texlive/texmf-dist/tex/latex/amsfonts/amsfonts.sty
Package: amsfonts 2013/01/14 v3.01 Basic AMSFonts support
\symAMSa=\mathgroup4
\symAMSb=\mathgroup5
LaTeX Font Info:    Overwriting math alphabet `\mathfrak' in version `bold'
(Font)                  U/euf/m/n --> U/euf/b/n on input line 106.
))
(/usr/share/texlive/texmf-dist/tex/latex/graphics/graphicx.sty
Package: graphicx 2017/06/01 v1.1a Enhanced LaTeX Graphics (DPC,SPQR)

(/usr/share/texlive/texmf-dist/tex/latex/graphics/keyval.sty
Package: keyval 2014/10/28 v1.15 key=value parser (DPC)
\KV@toks@=\toks19
)
(/usr/share/texlive/texmf-dist/tex/latex/graphics/graphics.sty
Package: graphics 2017/06/25 v1.2c Standard LaTeX Graphics (DPC,SPQR)

(/usr/share/texlive/texmf-dist/tex/latex/graphics/trig.sty
Package: trig 2016/01/03 v1.10 sin cos tan (DPC)
)
(/usr/share/texlive/texmf-dist/tex/latex/graphics-cfg/graphics.cfg
File: graphics.cfg 2016/06/04 v1.11 sample graphics configuration
)
Package graphics Info: Driver file: pdftex.def on input line 99.

(/usr/share/texlive/texmf-dist/tex/latex/graphics-def/pdftex.def
File: pdftex.def 2018/01/08 v1.0l Graphics/color driver for pdftex
))
\Gin@req@height=\dimen112
\Gin@req@width=\dimen113
)
(/usr/share/texlive/texmf-dist/tex/latex/amscls/amsthm.sty
Package: amsthm 2017/10/31 v2.20.4
\thm@style=\toks20
\thm@bodyfont=\toks21
\thm@headfont=\toks22
\thm@notefont=\toks23
\thm@headpunct=\toks24
\thm@preskip=\skip46
\thm@postskip=\skip47
\thm@headsep=\skip48
\dth@everypar=\toks25
)
(/usr/share/texlive/texmf-dist/tex/latex/doublestroke/dsfont.sty
Package: dsfont 1995/08/01 v0.1 Double stroke roman fonts
)
(/usr/share/texlive/texmf-dist/tex/latex/caption/caption.sty
Package: caption 2016/02/21 v3.3-144 Customizing captions (AR)

(/usr/share/texlive/texmf-dist/tex/latex/caption/caption3.sty
Package: caption3 2016/05/22 v1.7-166 caption3 kernel (AR)
Package caption3 Info: TeX engine: e-TeX on input line 67.
\captionmargin=\dimen114
\captionmargin@=\dimen115
\captionwidth=\dimen116
\caption@tempdima=\dimen117
\caption@indent=\dimen118
\caption@parindent=\dimen119
\caption@hangindent=\dimen120
)
\c@ContinuedFloat=\count99
)
(/usr/share/texlive/texmf-dist/tex/latex/graphics/color.sty
Package: color 2016/07/10 v1.1e Standard LaTeX Color (DPC)

(/usr/share/texlive/texmf-dist/tex/latex/graphics-cfg/color.cfg
File: color.cfg 2016/01/02 v1.6 sample color configuration
)
Package color Info: Driver file: pdftex.def on input line 147.
)
(/usr/share/texlive/texmf-dist/tex/latex/tools/dcolumn.sty
Package: dcolumn 2014/10/28 v1.06 decimal alignment package (DPC)

(/usr/share/texlive/texmf-dist/tex/latex/tools/array.sty
Package: array 2016/10/06 v2.4d Tabular extension package (FMi)
\col@sep=\dimen121
\extrarowheight=\dimen122
\NC@list=\toks26
\extratabsurround=\skip49
\backup@length=\skip50
))
(/usr/share/texlive/texmf-dist/tex/latex/tools/bm.sty
Package: bm 2017/01/16 v1.2c Bold Symbol Support (DPC/FMi)
\symboldoperators=\mathgroup6
\symboldletters=\mathgroup7
\symboldsymbols=\mathgroup8
LaTeX Font Info:    Redeclaring math alphabet \mathbf on input line 141.
LaTeX Info: Redefining \bm on input line 207.
)
(/usr/share/texlive/texmf-dist/tex/latex/float/float.sty
Package: float 2001/11/08 v1.3d Float enhancements (AL)
\c@float@type=\count100
\float@exts=\toks27
\float@box=\box28
\@float@everytoks=\toks28
\@floatcapt=\box29
)
(/usr/share/texlive/texmf-dist/tex/latex/multirow/multirow.sty
Package: multirow 2016/11/25 v2.2 Span multiple rows of a table
\multirow@colwidth=\skip51
\multirow@cntb=\count101
\multirow@dima=\skip52
\bigstrutjot=\dimen123
)
(/usr/share/texlive/texmf-dist/tex/latex/algorithms/algorithm.sty
Package: algorithm 2009/08/24 v0.1 Document Style `algorithm' - floating enviro
nment

(/usr/share/texlive/texmf-dist/tex/latex/base/ifthen.sty
Package: ifthen 2014/09/29 v1.1c Standard LaTeX ifthen package (DPC)
)
\@float@every@algorithm=\toks29
\c@algorithm=\count102
)
(/usr/share/texlive/texmf-dist/tex/latex/algorithmicx/algorithmicx.sty
Package: algorithmicx 2005/04/27 v1.2 Algorithmicx

Document Style algorithmicx 1.2 - a greatly improved `algorithmic' style
\c@ALG@line=\count103
\c@ALG@rem=\count104
\c@ALG@nested=\count105
\ALG@tlm=\skip53
\ALG@thistlm=\skip54
\c@ALG@Lnr=\count106
\c@ALG@blocknr=\count107
\c@ALG@storecount=\count108
\c@ALG@tmpcounter=\count109
\ALG@tmplength=\skip55
) (/usr/share/texlive/texmf-dist/tex/latex/algorithmicx/algpseudocode.sty
Package: algpseudocode 

Document Style - pseudocode environments for use with the `algorithmicx' style
) (/usr/share/texlive/texmf-dist/tex/latex/hyperref/hyperref.sty
Package: hyperref 2018/02/06 v6.86b Hypertext links for LaTeX

(/usr/share/texlive/texmf-dist/tex/generic/oberdiek/hobsub-hyperref.sty
Package: hobsub-hyperref 2016/05/16 v1.14 Bundle oberdiek, subset hyperref (HO)


(/usr/share/texlive/texmf-dist/tex/generic/oberdiek/hobsub-generic.sty
Package: hobsub-generic 2016/05/16 v1.14 Bundle oberdiek, subset generic (HO)
Package: hobsub 2016/05/16 v1.14 Construct package bundles (HO)
Package: infwarerr 2016/05/16 v1.4 Providing info/warning/error messages (HO)
Package: ltxcmds 2016/05/16 v1.23 LaTeX kernel commands for general use (HO)
Package: ifluatex 2016/05/16 v1.4 Provides the ifluatex switch (HO)
Package ifluatex Info: LuaTeX not detected.
Package: ifvtex 2016/05/16 v1.6 Detect VTeX and its facilities (HO)
Package ifvtex Info: VTeX not detected.
Package: intcalc 2016/05/16 v1.2 Expandable calculations with integers (HO)
Package: ifpdf 2017/03/15 v3.2 Provides the ifpdf switch
Package: etexcmds 2016/05/16 v1.6 Avoid name clashes with e-TeX commands (HO)
Package etexcmds Info: Could not find \expanded.
(etexcmds)             That can mean that you are not using pdfTeX 1.50 or
(etexcmds)             that some package has redefined \expanded.
(etexcmds)             In the latter case, load this package earlier.
Package: kvsetkeys 2016/05/16 v1.17 Key value parser (HO)
Package: kvdefinekeys 2016/05/16 v1.4 Define keys (HO)
Package: pdftexcmds 2018/01/21 v0.26 Utility functions of pdfTeX for LuaTeX (HO
)
Package pdftexcmds Info: LuaTeX not detected.
Package pdftexcmds Info: \pdf@primitive is available.
Package pdftexcmds Info: \pdf@ifprimitive is available.
Package pdftexcmds Info: \pdfdraftmode found.
Package: pdfescape 2016/05/16 v1.14 Implements pdfTeX's escape features (HO)
Package: bigintcalc 2016/05/16 v1.4 Expandable calculations on big integers (HO
)
Package: bitset 2016/05/16 v1.2 Handle bit-vector datatype (HO)
Package: uniquecounter 2016/05/16 v1.3 Provide unlimited unique counter (HO)
)
Package hobsub Info: Skipping package `hobsub' (already loaded).
Package: letltxmacro 2016/05/16 v1.5 Let assignment for LaTeX macros (HO)
Package: hopatch 2016/05/16 v1.3 Wrapper for package hooks (HO)
Package: xcolor-patch 2016/05/16 xcolor patch
Package: atveryend 2016/05/16 v1.9 Hooks at the very end of document (HO)
Package atveryend Info: \enddocument detected (standard20110627).
Package: atbegshi 2016/06/09 v1.18 At begin shipout hook (HO)
Package: refcount 2016/05/16 v3.5 Data extraction from label references (HO)
Package: hycolor 2016/05/16 v1.8 Color options for hyperref/bookmark (HO)
)
(/usr/share/texlive/texmf-dist/tex/generic/ifxetex/ifxetex.sty
Package: ifxetex 2010/09/12 v0.6 Provides ifxetex conditional
)
(/usr/share/texlive/texmf-dist/tex/latex/oberdiek/auxhook.sty
Package: auxhook 2016/05/16 v1.4 Hooks for auxiliary files (HO)
)
(/usr/share/texlive/texmf-dist/tex/latex/oberdiek/kvoptions.sty
Package: kvoptions 2016/05/16 v3.12 Key value format for package options (HO)
)
\@linkdim=\dimen124
\Hy@linkcounter=\count110
\Hy@pagecounter=\count111

(/usr/share/texlive/texmf-dist/tex/latex/hyperref/pd1enc.def
File: pd1enc.def 2018/02/06 v6.86b Hyperref: PDFDocEncoding definition (HO)
)
\Hy@SavedSpaceFactor=\count112

(/usr/share/texlive/texmf-dist/tex/latex/latexconfig/hyperref.cfg
File: hyperref.cfg 2002/06/06 v1.2 hyperref configuration of TeXLive
)
Package hyperref Info: Option `final' set `true' on input line 4383.
Package hyperref Info: Hyper figures OFF on input line 4509.
Package hyperref Info: Link nesting OFF on input line 4514.
Package hyperref Info: Hyper index ON on input line 4517.
Package hyperref Info: Plain pages OFF on input line 4524.
Package hyperref Info: Backreferencing OFF on input line 4529.
Package hyperref Info: Implicit mode ON; LaTeX internals redefined.
Package hyperref Info: Bookmarks ON on input line 4762.
LaTeX Info: Redefining \href on input line 5026.
\c@Hy@tempcnt=\count113

(/usr/share/texlive/texmf-dist/tex/latex/url/url.sty
\Urlmuskip=\muskip11
Package: url 2013/09/16  ver 3.4  Verb mode for urls, etc.
)
LaTeX Info: Redefining \url on input line 5115.
\XeTeXLinkMargin=\dimen125
\Fld@menulength=\count114
\Field@Width=\dimen126
\Fld@charsize=\dimen127
Package hyperref Info: Hyper figures OFF on input line 6369.
Package hyperref Info: Link nesting OFF on input line 6374.
Package hyperref Info: Hyper index ON on input line 6377.
Package hyperref Info: backreferencing OFF on input line 6384.
Package hyperref Info: Link coloring OFF on input line 6389.
Package hyperref Info: Link coloring with OCG OFF on input line 6394.
Package hyperref Info: PDF/A mode OFF on input line 6399.
LaTeX Info: Redefining \ref on input line 6439.
LaTeX Info: Redefining \pageref on input line 6443.
\Hy@abspage=\count115
\c@Item=\count116
\c@Hfootnote=\count117
)
Package hyperref Info: Driver: hpdftex.

(/usr/share/texlive/texmf-dist/tex/latex/hyperref/hpdftex.def
File: hpdftex.def 2018/02/06 v6.86b Hyperref driver for pdfTeX
\Fld@listcount=\count118
\c@bookmark@seq@number=\count119

(/usr/share/texlive/texmf-dist/tex/latex/oberdiek/rerunfilecheck.sty
Package: rerunfilecheck 2016/05/16 v1.8 Rerun checks for auxiliary files (HO)
Package uniquecounter Info: New unique counter `rerunfilecheck' on input line 2
82.
)
\Hy@SectionHShift=\skip56
)
Package hyperref Info: Option `plainpages' set `false' on input line 62.
Package hyperref Info: Option `unicode' set `false' on input line 62.
Package hyperref Info: Option `pdftoolbar' set `true' on input line 62.
Package hyperref Info: Option `pdfmenubar' set `true' on input line 62.
Package hyperref Info: Option `pdffitwindow' set `false' on input line 62.
Package hyperref Info: Option `pdfnewwindow' set `true' on input line 62.
Package hyperref Info: Option `colorlinks' set `true' on input line 62.
\c@definition=\count120
\c@theorem=\count121

(./preconSummary.aux

LaTeX Warning: Label `eq:multipleTesting:genEigCov' multiply defined.


LaTeX Warning: Label `eq:multipleTesting:specEigCov' multiply defined.


LaTeX Warning: Label `eq:multipleTesting:commonCor' multiply defined.


LaTeX Warning: Label `c:multipleTesting:circDecom' multiply defined.


LaTeX Warning: Label `eq:explicitCirculant' multiply defined.


LaTeX Warning: Label `eq:pDef' multiply defined.


LaTeX Warning: Label `eq:powerPDef' multiply defined.


LaTeX Warning: Label `eq:circMatPol' multiply defined.


LaTeX Warning: Label `eq:multipleTesting:circEigenVec' multiply defined.


LaTeX Warning: Label `eq:multipleTesting:circEigenVals' multiply defined.


LaTeX Warning: Label `def:symmCirc' multiply defined.


LaTeX Warning: Label `thm:symmEigen' multiply defined.


LaTeX Warning: Label `eq:circDecomp' multiply defined.


LaTeX Warning: Label `eq:argMinDef' multiply defined.


LaTeX Warning: Label `eq:argMinState' multiply defined.


LaTeX Warning: Label `eq:productTrace' multiply defined.


LaTeX Warning: Label `eq:finalDiff' multiply defined.


LaTeX Warning: Label `eq:closestCirc' multiply defined.


LaTeX Warning: Label `eq:sigmaCirculantDecomp' multiply defined.


LaTeX Warning: Label `eq:multipleTesting:circApproxEig' multiply defined.

)
\openout1 = `preconSummary.aux'.

LaTeX Font Info:    Checking defaults for OML/cmm/m/it on input line 177.
LaTeX Font Info:    ... okay on input line 177.
LaTeX Font Info:    Checking defaults for T1/cmr/m/n on input line 177.
LaTeX Font Info:    ... okay on input line 177.
LaTeX Font Info:    Checking defaults for OT1/cmr/m/n on input line 177.
LaTeX Font Info:    ... okay on input line 177.
LaTeX Font Info:    Checking defaults for OMS/cmsy/m/n on input line 177.
LaTeX Font Info:    ... okay on input line 177.
LaTeX Font Info:    Checking defaults for OMX/cmex/m/n on input line 177.
LaTeX Font Info:    ... okay on input line 177.
LaTeX Font Info:    Checking defaults for U/cmr/m/n on input line 177.
LaTeX Font Info:    ... okay on input line 177.
LaTeX Font Info:    Checking defaults for PD1/pdf/m/n on input line 177.
LaTeX Font Info:    ... okay on input line 177.
 (/usr/share/texlive/texmf-dist/tex/context/base/mkii/supp-pdf.mkii
[Loading MPS to PDF converter (version 2006.09.02).]
\scratchcounter=\count122
\scratchdimen=\dimen128
\scratchbox=\box30
\nofMPsegments=\count123
\nofMParguments=\count124
\everyMPshowfont=\toks30
\MPscratchCnt=\count125
\MPscratchDim=\dimen129
\MPnumerator=\count126
\makeMPintoPDFobject=\count127
\everyMPtoPDFconversion=\toks31
) (/usr/share/texlive/texmf-dist/tex/latex/oberdiek/epstopdf-base.sty
Package: epstopdf-base 2016/05/15 v2.6 Base part for package epstopdf

(/usr/share/texlive/texmf-dist/tex/latex/oberdiek/grfext.sty
Package: grfext 2016/05/16 v1.2 Manage graphics extensions (HO)
)
Package epstopdf-base Info: Redefining graphics rule for `.eps' on input line 4
38.
Package grfext Info: Graphics extension search list:
(grfext)             [.pdf,.png,.jpg,.mps,.jpeg,.jbig2,.jb2,.PDF,.PNG,.JPG,.JPE
G,.JBIG2,.JB2,.eps]
(grfext)             \AppendGraphicsExtensions on input line 456.

(/usr/share/texlive/texmf-dist/tex/latex/latexconfig/epstopdf-sys.cfg
File: epstopdf-sys.cfg 2010/07/13 v1.3 Configuration of (r)epstopdf for TeX Liv
e
))
Package caption Info: Begin \AtBeginDocument code.
Package caption Info: float package is loaded.
Package caption Info: hyperref package is loaded.
Package caption Info: End \AtBeginDocument code.
\AtBeginShipoutBox=\box31
Package hyperref Info: Link coloring ON on input line 177.

(/usr/share/texlive/texmf-dist/tex/latex/hyperref/nameref.sty
Package: nameref 2016/05/21 v2.44 Cross-referencing by name of section

(/usr/share/texlive/texmf-dist/tex/generic/oberdiek/gettitlestring.sty
Package: gettitlestring 2016/05/16 v1.5 Cleanup title references (HO)
)
\c@section@level=\count128
)
LaTeX Info: Redefining \ref on input line 177.
LaTeX Info: Redefining \pageref on input line 177.
LaTeX Info: Redefining \nameref on input line 177.

(./preconSummary.out) (./preconSummary.out)
\@outlinefile=\write3
\openout3 = `preconSummary.out'.

LaTeX Font Info:    Try loading font information for U+msa on input line 180.

(/usr/share/texlive/texmf-dist/tex/latex/amsfonts/umsa.fd
File: umsa.fd 2013/01/14 v3.01 AMS symbols A
)
LaTeX Font Info:    Try loading font information for U+msb on input line 180.

(/usr/share/texlive/texmf-dist/tex/latex/amsfonts/umsb.fd
File: umsb.fd 2013/01/14 v3.01 AMS symbols B
) [1

{/var/lib/texmf/fonts/map/pdftex/updmap/pdftex.map}] [2] [3] [4]
<./img/intervalsCorrectedEllipseRho0.png, id=139, 702.625pt x 702.625pt>
File: ./img/intervalsCorrectedEllipseRho0.png Graphic file (type png)
<use ./img/intervalsCorrectedEllipseRho0.png>
Package pdftex.def Info: ./img/intervalsCorrectedEllipseRho0.png  used on input
 line 388.
(pdftex.def)             Requested size: 101.35922pt x 101.35803pt.
<./img/intervalsCorrectedEllipseRho5.png, id=141, 702.625pt x 702.625pt>
File: ./img/intervalsCorrectedEllipseRho5.png Graphic file (type png)
<use ./img/intervalsCorrectedEllipseRho5.png>
Package pdftex.def Info: ./img/intervalsCorrectedEllipseRho5.png  used on input
 line 389.
(pdftex.def)             Requested size: 101.35922pt x 101.35803pt.
<./img/intervalsCorrectedEllipseRho9.png, id=142, 702.625pt x 702.625pt>
File: ./img/intervalsCorrectedEllipseRho9.png Graphic file (type png)
<use ./img/intervalsCorrectedEllipseRho9.png>
Package pdftex.def Info: ./img/intervalsCorrectedEllipseRho9.png  used on input
 line 390.
(pdftex.def)             Requested size: 101.35922pt x 101.35803pt.
<./img/intervalsCorrectedEllipseRho10.png, id=143, 702.625pt x 702.625pt>
File: ./img/intervalsCorrectedEllipseRho10.png Graphic file (type png)
<use ./img/intervalsCorrectedEllipseRho10.png>
Package pdftex.def Info: ./img/intervalsCorrectedEllipseRho10.png  used on inpu
t line 391.
(pdftex.def)             Requested size: 101.35922pt x 101.35803pt.
 [5] [6 <./img/intervalsCorrectedEllipseRho0.png> <./img/intervalsCorrectedElli
pseRho5.png> <./img/intervalsCorrectedEllipseRho9.png> <./img/intervalsCorrecte
dEllipseRho10.png>] [7] [8]
[9] [10]
<./img/ellipseAxesRho5.png, id=233, 702.625pt x 702.625pt>
File: ./img/ellipseAxesRho5.png Graphic file (type png)
<use ./img/ellipseAxesRho5.png>
Package pdftex.def Info: ./img/ellipseAxesRho5.png  used on input line 621.
(pdftex.def)             Requested size: 138.21777pt x 138.21745pt.
 [11 <./img/ellipseAxesRho5.png>] [12] [13]

Package hyperref Warning: Token not allowed in a PDF string (PDFDocEncoding):
(hyperref)                removing `math shift' on input line 891.


Package hyperref Warning: Token not allowed in a PDF string (PDFDocEncoding):
(hyperref)                removing `math shift' on input line 891.

[14]

LaTeX Warning: Reference `c:multipleTesting:genMod' on page 15 undefined on inp
ut line 935.


LaTeX Warning: Reference `c:multipleTesting:genMod' on page 15 undefined on inp
ut line 939.

[15]

LaTeX Warning: Reference `c:multipleTesting:genMod' on page 16 undefined on inp
ut line 948.

[16]
<./img/m10eigBounds.png, id=304, 481.8pt x 481.8pt>
File: ./img/m10eigBounds.png Graphic file (type png)
<use ./img/m10eigBounds.png>
Package pdftex.def Info: ./img/m10eigBounds.png  used on input line 1005.
(pdftex.def)             Requested size: 138.21777pt x 138.21132pt.
<./img/m50eigBounds.png, id=305, 481.8pt x 481.8pt>
File: ./img/m50eigBounds.png Graphic file (type png)
<use ./img/m50eigBounds.png>
Package pdftex.def Info: ./img/m50eigBounds.png  used on input line 1006.
(pdftex.def)             Requested size: 138.21777pt x 138.21132pt.
<./img/m250eigBounds.png, id=306, 481.8pt x 481.8pt>
File: ./img/m250eigBounds.png Graphic file (type png)
<use ./img/m250eigBounds.png>
Package pdftex.def Info: ./img/m250eigBounds.png  used on input line 1007.
(pdftex.def)             Requested size: 138.21777pt x 138.21132pt.
 [17]
<./img/m10eigBoundsZoom.png, id=319, 481.8pt x 481.8pt>
File: ./img/m10eigBoundsZoom.png Graphic file (type png)
<use ./img/m10eigBoundsZoom.png>
Package pdftex.def Info: ./img/m10eigBoundsZoom.png  used on input line 1023.
(pdftex.def)             Requested size: 138.21777pt x 138.21132pt.
<./img/m50eigBoundsZoom.png, id=320, 481.8pt x 481.8pt>
File: ./img/m50eigBoundsZoom.png Graphic file (type png)
<use ./img/m50eigBoundsZoom.png>
Package pdftex.def Info: ./img/m50eigBoundsZoom.png  used on input line 1024.
(pdftex.def)             Requested size: 138.21777pt x 138.21132pt.
<./img/m250eigBoundsZoom.png, id=321, 481.8pt x 481.8pt>
File: ./img/m250eigBoundsZoom.png Graphic file (type png)
<use ./img/m250eigBoundsZoom.png>
Package pdftex.def Info: ./img/m250eigBoundsZoom.png  used on input line 1025.
(pdftex.def)             Requested size: 138.21777pt x 138.21132pt.
<./img/cheverudBounds.png, id=330, 481.8pt x 481.8pt>
File: ./img/cheverudBounds.png Graphic file (type png)
<use ./img/cheverudBounds.png>
Package pdftex.def Info: ./img/cheverudBounds.png  used on input line 1049.
(pdftex.def)             Requested size: 184.28568pt x 184.28421pt.
<./img/lijiBounds.png, id=331, 481.8pt x 481.8pt>
File: ./img/lijiBounds.png Graphic file (type png)
<use ./img/lijiBounds.png>
Package pdftex.def Info: ./img/lijiBounds.png  used on input line 1050.
(pdftex.def)             Requested size: 184.28568pt x 184.28421pt.
<./img/edBounds.png, id=334, 481.8pt x 481.8pt>
File: ./img/edBounds.png Graphic file (type png)
<use ./img/edBounds.png>
Package pdftex.def Info: ./img/edBounds.png  used on input line 1052.
(pdftex.def)             Requested size: 184.28568pt x 184.28421pt.
<./img/galweyBounds.png, id=335, 481.8pt x 481.8pt>
File: ./img/galweyBounds.png Graphic file (type png)
<use ./img/galweyBounds.png>
Package pdftex.def Info: ./img/galweyBounds.png  used on input line 1053.
(pdftex.def)             Requested size: 184.28568pt x 184.28421pt.
 [18 <./img/m10eigBounds.png> <./img/m50eigBounds.png> <./img/m250eigBounds.png
>] [19 <./img/m10eigBoundsZoom.png> <./img/m50eigBoundsZoom.png> <./img/m250eig
BoundsZoom.png>] [20 <./img/cheverudBounds.png> <./img/lijiBounds.png> <./img/e
dBounds.png> <./img/galweyBounds.png>] [21] [22]
Underfull \hbox (badness 10000) in paragraph at lines 1159--1161

 []

[23]
Underfull \hbox (badness 10000) in paragraph at lines 1161--1163

 []


Underfull \hbox (badness 10000) in paragraph at lines 1163--1165

 []

[24] [25] [26] [27]
<./img/m100r5eigsbnds.png, id=450, 481.8pt x 481.8pt>
File: ./img/m100r5eigsbnds.png Graphic file (type png)
<use ./img/m100r5eigsbnds.png>
Package pdftex.def Info: ./img/m100r5eigsbnds.png  used on input line 1298.
(pdftex.def)             Requested size: 230.36061pt x 230.35712pt.
 [28] [29 <./img/m100r5eigsbnds.png>]
<./img/m10eigDiffs.png, id=470, 481.8pt x 481.8pt>
File: ./img/m10eigDiffs.png Graphic file (type png)
<use ./img/m10eigDiffs.png>
Package pdftex.def Info: ./img/m10eigDiffs.png  used on input line 1310.
(pdftex.def)             Requested size: 138.21777pt x 138.21132pt.
<./img/m50eigDiffs.png, id=471, 481.8pt x 481.8pt>
File: ./img/m50eigDiffs.png Graphic file (type png)
<use ./img/m50eigDiffs.png>
Package pdftex.def Info: ./img/m50eigDiffs.png  used on input line 1311.
(pdftex.def)             Requested size: 138.21777pt x 138.21132pt.
<./img/m250eigDiffs.png, id=472, 481.8pt x 481.8pt>
File: ./img/m250eigDiffs.png Graphic file (type png)
<use ./img/m250eigDiffs.png>
Package pdftex.def Info: ./img/m250eigDiffs.png  used on input line 1312.
(pdftex.def)             Requested size: 138.21777pt x 138.21132pt.


LaTeX Warning: Citation `salahub2022correlation' on page 30 undefined on input 
line 1335.

[30 <./img/m10eigDiffs.png> <./img/m50eigDiffs.png> <./img/m250eigDiffs.png>]
[31] [32] [33]
Underfull \hbox (badness 10000) in paragraph at lines 1440--1442

 []


Underfull \hbox (badness 10000) in paragraph at lines 1442--1444

 []


Underfull \hbox (badness 10000) in paragraph at lines 1444--1446

 []

[34]

Package hyperref Warning: Token not allowed in a PDF string (PDFDocEncoding):
(hyperref)                removing `math shift' on input line 1463.


Package hyperref Warning: Token not allowed in a PDF string (PDFDocEncoding):
(hyperref)                removing `\Sigma' on input line 1463.


Package hyperref Warning: Token not allowed in a PDF string (PDFDocEncoding):
(hyperref)                removing `math shift' on input line 1463.

[35] [36] [37] [38]

Package hyperref Warning: Token not allowed in a PDF string (PDFDocEncoding):
(hyperref)                removing `math shift' on input line 1586.


Package hyperref Warning: Token not allowed in a PDF string (PDFDocEncoding):
(hyperref)                removing `subscript' on input line 1586.


Package hyperref Warning: Token not allowed in a PDF string (PDFDocEncoding):
(hyperref)                removing `\Sigma' on input line 1586.


Package hyperref Warning: Token not allowed in a PDF string (PDFDocEncoding):
(hyperref)                removing `subscript' on input line 1586.


Package hyperref Warning: Token not allowed in a PDF string (PDFDocEncoding):
(hyperref)                removing `math shift' on input line 1586.


Package hyperref Warning: Token not allowed in a PDF string (PDFDocEncoding):
(hyperref)                removing `math shift' on input line 1586.


Package hyperref Warning: Token not allowed in a PDF string (PDFDocEncoding):
(hyperref)                removing `\Sigma' on input line 1586.


Package hyperref Warning: Token not allowed in a PDF string (PDFDocEncoding):
(hyperref)                removing `subscript' on input line 1586.


Package hyperref Warning: Token not allowed in a PDF string (PDFDocEncoding):
(hyperref)                removing `math shift' on input line 1586.


Overfull \hbox (19.5389pt too wide) in paragraph at lines 1588--1589
\OT1/cmr/m/n/12 The ap-prox-i-ma-tion ma-trix $\OT1/cmr/bx/n/12 C[]$ \OT1/cmr/m
/n/12 has been de-rived here based purely on min-i-miz-ing $\OMS/cmsy/m/n/12 jj
[]jj[]$
 []

[39]

Package amsmath Warning: Foreign command \atopwithdelims;
(amsmath)                \frac or \genfrac should be used instead
(amsmath)                 on input line 1610.

[40] [41] [42] [43] [44]
<rho10.png, id=622, 481.8pt x 481.8pt>
File: rho10.png Graphic file (type png)
<use rho10.png>
Package pdftex.def Info: rho10.png  used on input line 1761.
(pdftex.def)             Requested size: 216.80798pt x 216.80798pt.
<rho50.png, id=623, 481.8pt x 481.8pt>
File: rho50.png Graphic file (type png)
<use rho50.png>
Package pdftex.def Info: rho50.png  used on input line 1761.
(pdftex.def)             Requested size: 216.80798pt x 216.80798pt.
<rho90.png, id=624, 481.8pt x 481.8pt>
File: rho90.png Graphic file (type png)
<use rho90.png>
Package pdftex.def Info: rho90.png  used on input line 1762.
(pdftex.def)             Requested size: 216.80798pt x 216.80798pt.
<rho95.png, id=625, 481.8pt x 481.8pt>
File: rho95.png Graphic file (type png)
<use rho95.png>
Package pdftex.def Info: rho95.png  used on input line 1762.
(pdftex.def)             Requested size: 216.80798pt x 216.80798pt.
 [45] [46 <./rho10.png> <./rho50.png> <./rho90.png> <./rho95.png>] (./preconSum
mary.bbl [47] [48])
Package atveryend Info: Empty hook `BeforeClearDocument' on input line 1783.
 [49]
Package atveryend Info: Empty hook `AfterLastShipout' on input line 1783.
 (./preconSummary.aux)
Package atveryend Info: Executing hook `AtVeryEndDocument' on input line 1783.
Package atveryend Info: Executing hook `AtEndAfterFileList' on input line 1783.

Package rerunfilecheck Info: File `preconSummary.out' has not changed.
(rerunfilecheck)             Checksum: FA26BFC29681B739FEFECADD0379DEF4;1181.


LaTeX Warning: There were undefined references.


LaTeX Warning: There were multiply-defined labels.

Package atveryend Info: Empty hook `AtVeryVeryEnd' on input line 1783.
 ) 
Here is how much of TeX's memory you used:
 8399 strings out of 492982
 125388 string characters out of 6134896
 216984 words of memory out of 5000000
 11641 multiletter control sequences out of 15000+600000
 26894 words of font info for 98 fonts, out of 8000000 for 9000
 1141 hyphenation exceptions out of 8191
 36i,18n,43p,1059b,431s stack positions out of 5000i,500n,10000p,200000b,80000s
</usr/share/texlive/texmf-dist/fonts/type1/public/amsfonts/cm/cmbx10.pfb></us
r/share/texlive/texmf-dist/fonts/type1/public/amsfonts/cm/cmbx12.pfb></usr/shar
e/texlive/texmf-dist/fonts/type1/public/amsfonts/cm/cmbx8.pfb></usr/share/texli
ve/texmf-dist/fonts/type1/public/amsfonts/cm/cmex10.pfb></usr/share/texlive/tex
mf-dist/fonts/type1/public/amsfonts/cm/cmmi10.pfb></usr/share/texlive/texmf-dis
t/fonts/type1/public/amsfonts/cm/cmmi12.pfb></usr/share/texlive/texmf-dist/font
s/type1/public/amsfonts/cm/cmmi6.pfb></usr/share/texlive/texmf-dist/fonts/type1
/public/amsfonts/cm/cmmi8.pfb></usr/share/texlive/texmf-dist/fonts/type1/public
/amsfonts/cm/cmmib10.pfb></usr/share/texlive/texmf-dist/fonts/type1/public/amsf
onts/cmextra/cmmib8.pfb></usr/share/texlive/texmf-dist/fonts/type1/public/amsfo
nts/cm/cmr10.pfb></usr/share/texlive/texmf-dist/fonts/type1/public/amsfonts/cm/
cmr12.pfb></usr/share/texlive/texmf-dist/fonts/type1/public/amsfonts/cm/cmr17.p
fb></usr/share/texlive/texmf-dist/fonts/type1/public/amsfonts/cm/cmr6.pfb></usr
/share/texlive/texmf-dist/fonts/type1/public/amsfonts/cm/cmr7.pfb></usr/share/t
exlive/texmf-dist/fonts/type1/public/amsfonts/cm/cmr8.pfb></usr/share/texlive/t
exmf-dist/fonts/type1/public/amsfonts/cm/cmss8.pfb></usr/share/texlive/texmf-di
st/fonts/type1/public/amsfonts/cm/cmsy10.pfb></usr/share/texlive/texmf-dist/fon
ts/type1/public/amsfonts/cm/cmsy6.pfb></usr/share/texlive/texmf-dist/fonts/type
1/public/amsfonts/cm/cmsy8.pfb></usr/share/texlive/texmf-dist/fonts/type1/publi
c/amsfonts/cm/cmti10.pfb></usr/share/texlive/texmf-dist/fonts/type1/public/amsf
onts/cm/cmti12.pfb></usr/share/texlive/texmf-dist/fonts/type1/public/amsfonts/c
m/cmti8.pfb></usr/share/texlive/texmf-dist/fonts/type1/public/amsfonts/cm/cmtt1
0.pfb></usr/share/texlive/texmf-dist/fonts/type1/public/amsfonts/symbols/msbm10
.pfb>
Output written on preconSummary.pdf (49 pages, 652987 bytes).
PDF statistics:
 786 PDF objects out of 1000 (max. 8388607)
 650 compressed objects within 7 object streams
 179 named destinations out of 1000 (max. 500000)
 260 words of extra memory for PDF output out of 10000 (max. 10000000)

